生成启动时间为 2022/5/11 14:55:36。
     1>项目“E:\GWorkspace\MathEditor\SDIEdit\SDIEdit.vcxproj”在节点 2 上(build 个目标)。
     1>InitializeBuildStatus:
         正在创建“.\Debug\SDIEdit.unsuccessfulbuild”，因为已指定“AlwaysCreate”。
       ClCompile:
         所有输出均为最新。
         C:\Program Files (x86)\Microsoft Visual Studio 10.0\VC\bin\CL.exe /c /ZI /nologo /W3 /WX- /Od /Oy- /D WIN32 /D _DEBUG /D _WINDOWS /D _VC80_UPGRADE=0x0600 /D _UNICODE /D UNICODE /D _AFXDLL /Gm /EHsc /RTC1 /MDd /GS /Gy- /fp:precise /Zc:wchar_t /Zc:forScope /Yc"stdafx.h" /Fp".\Debug\SDIEdit.pch" /Fo".\Debug\\" /Fd".\Debug\vc100.pdb" /Gd /TP /analyze- /errorReport:prompt StdAfx.cpp
         StdAfx.cpp
         _WIN32_WINNT not defined. Defaulting to _WIN32_WINNT_MAXVER (see WinSDKVer.h)
         C:\Program Files (x86)\Microsoft Visual Studio 10.0\VC\bin\CL.exe /c /ZI /nologo /W3 /WX- /Od /Oy- /D WIN32 /D _DEBUG /D _WINDOWS /D _VC80_UPGRADE=0x0600 /D _UNICODE /D UNICODE /D _AFXDLL /Gm /EHsc /RTC1 /MDd /GS /Gy- /fp:precise /Zc:wchar_t /Zc:forScope /Yu"stdafx.h" /Fp".\Debug\SDIEdit.pch" /Fo".\Debug\\" /Fd".\Debug\vc100.pdb" /Gd /TP /analyze- /errorReport:prompt MainFrm.cpp SDIEdit.cpp SDIEditDoc.cpp SDIEditView.cpp
         SDIEditView.cpp
         SDIEditDoc.cpp
         SDIEdit.cpp
     1>e:\gworkspace\matheditor\sdiedit\sdiedit.cpp(60): warning C4996: 'CWinApp::Enable3dControls': CWinApp::Enable3dControls is no longer needed. You should remove this call.
                 c:\program files (x86)\microsoft visual studio 10.0\vc\atlmfc\include\afxwin.h(5344) : 参见“CWinApp::Enable3dControls”的声明
         MainFrm.cpp
         正在生成代码...
       ResourceCompile:
         所有输出均为最新。
         C:\Program Files (x86)\Microsoft SDKs\Windows\v7.0A\bin\rc.exe /D _DEBUG /D _VC80_UPGRADE=0x0600 /D _UNICODE /D UNICODE /D _AFXDLL /l"0x0409" /nologo /fo".\Debug\SDIEdit.res" SDIEdit.rc 
       ManifestResourceCompile:
         所有输出均为最新。
       Link:
         C:\Program Files (x86)\Microsoft Visual Studio 10.0\VC\bin\link.exe /ERRORREPORT:PROMPT /OUT:".\Debug\SDIEdit.exe" /INCREMENTAL /NOLOGO /MANIFEST /ManifestFile:".\Debug\SDIEdit.exe.intermediate.manifest" /MANIFESTUAC:"level='asInvoker' uiAccess='false'" /DEBUG /PDB:"E:\GWorkspace\MathEditor\SDIEdit\Debug\SDIEdit.pdb" /SUBSYSTEM:WINDOWS /TLBID:1 /ENTRY:"wWinMainCRTStartup" /DYNAMICBASE /NXCOMPAT /IMPLIB:".\Debug\SDIEdit.lib" /MACHINE:X86 .\Debug\SDIEdit.res
         .\Debug\SDIEdit.exe.embed.manifest.res
         .\Debug\MainFrm.obj
         .\Debug\SDIEdit.obj
         .\Debug\SDIEditDoc.obj
         .\Debug\SDIEditView.obj
         .\Debug\StdAfx.obj
       Manifest:
         C:\Program Files (x86)\Microsoft SDKs\Windows\v7.0A\bin\mt.exe /nologo /verbose /out:".\Debug\SDIEdit.exe.embed.manifest" /manifest .\Debug\SDIEdit.exe.intermediate.manifest "C:\Program Files (x86)\Microsoft Visual Studio 10.0\VC\Include\Manifest\dpiaware.manifest"
         所有输出均为最新。
       LinkEmbedManifest:
         所有输出均为最新。
         SDIEdit.vcxproj -> E:\GWorkspace\MathEditor\SDIEdit\.\Debug\SDIEdit.exe
       FinalizeBuildStatus:
         正在删除文件“.\Debug\SDIEdit.unsuccessfulbuild”。
         正在对“.\Debug\SDIEdit.lastbuildstate”执行 Touch 任务。
     1>已完成生成项目“E:\GWorkspace\MathEditor\SDIEdit\SDIEdit.vcxproj”(build 个目标)的操作。

生成成功。

已用时间 00:00:03.15
